[debug] [2017-11-17T20:24:45.747Z] ----------------------------------------------------------------------
[debug] [2017-11-17T20:24:45.749Z] Command:       /usr/local/bin/node /usr/local/bin/firebase deploy
[debug] [2017-11-17T20:24:45.750Z] CLI Version:   3.15.0
[debug] [2017-11-17T20:24:45.750Z] Platform:      darwin
[debug] [2017-11-17T20:24:45.750Z] Node Version:  v6.9.1
[debug] [2017-11-17T20:24:45.751Z] Time:          Fri Nov 17 2017 23:24:45 GMT+0300 (MSK)
[debug] [2017-11-17T20:24:45.751Z] ----------------------------------------------------------------------
[debug] 
[debug] [2017-11-17T20:24:45.764Z] > command requires scopes: ["email","openid","https://www.googleapis.com/auth/cloudplatformprojects.readonly","https://www.googleapis.com/auth/firebase","https://www.googleapis.com/auth/cloud-platform"]
[debug] [2017-11-17T20:24:45.764Z] > authorizing via signed-in user
[debug] [2017-11-17T20:24:45.767Z] >>> HTTP REQUEST GET https://admin.firebase.com/v1/projects/gdg-istanbul-devfest-2017  
 Fri Nov 17 2017 23:24:45 GMT+0300 (MSK)
[debug] [2017-11-17T20:24:46.774Z] <<< HTTP RESPONSE 200
[debug] [2017-11-17T20:24:46.776Z] >>> HTTP REQUEST GET https://admin.firebase.com/v1/database/gdg-istanbul-devfest-2017/tokens  
 Fri Nov 17 2017 23:24:46 GMT+0300 (MSK)
[debug] [2017-11-17T20:24:47.544Z] <<< HTTP RESPONSE 200
[info] 
[info] === Deploying to 'gdg-istanbul-devfest-2017'...
[info] 
[info] i  deploying database, hosting
[info] i  database: checking rules syntax...
[debug] [2017-11-17T20:24:49.252Z] >>> HTTP REQUEST PUT https://gdg-istanbul-devfest-2017.firebaseio.com/.settings/rules.json?dryRun=true {
  "rules": {
    ".read": true,
    ".write": false,
    "ratings": {
      ".read": false,
      ".write": false,
      "$uid": {
        ".read": "auth.uid === $uid",
        ".write": "auth.uid === $uid"
      }
    },
    "userSessions": {
      ".read": false,
      ".write": false,
      "$uid": {
        ".read": "auth.uid === $uid",
        ".write": "auth.uid === $uid"
      }
    },
    "speakers": {
      ".read": true,
      ".write": "root.child('users').child(auth.uid).child('rules').child('speakers').val() === true"
    }
  }
}
 
 Fri Nov 17 2017 23:24:49 GMT+0300 (MSK)
[debug] [2017-11-17T20:24:50.566Z] <<< HTTP RESPONSE 200
[info] ✔  database: rules syntax for database gdg-istanbul-devfest-2017 is valid
[info] i  hosting: preparing ./build directory for upload...
[debug] [2017-11-17T20:24:51.530Z] >>> HTTP REQUEST PUT https://deploy.firebase.com/v1/hosting/gdg-istanbul-devfest-2017/uploads/-KzAdwGBVUAkjHN2aHew?fileCount=240&message=  
 Fri Nov 17 2017 23:24:51 GMT+0300 (MSK)
